<?xml version="1.0" encoding="UTF-8"?>
<!-- Generated by org.testng.reporters.JUnitXMLReporter -->
<testsuite hostname="Pradeep" ignored="2" name="browser-chrome" tests="4" failures="0" timestamp="21 Jan 2022 11:24:11 GMT" time="187.63" errors="0">
  <testcase name="createContactTest" time="30.495" classname="com.vtiger.comcast.contact.test.Create_contact_Test"/>
  <testcase name="createContactWithOrg" time="32.865" classname="com.vtiger.comcast.contact.test.Create_contact_Test"/>
  <testcase name="createOrgTest" time="16.313" classname="com.vtiger.comcast.organizationtest.CreateOrgTest"/>
  <testcase name="createOrgWithIndu" time="29.646" classname="com.vtiger.comcast.organizationtest.CreateOrgTest"/>
  <testcase name="@BeforeSuite configsBS" time="0.0" classname="com.vtiger.comcast.business.gerenic.basic_annotations">
    <ignored/>
  </testcase> <!-- @BeforeSuite configsBS -->
  <testcase name="@AfterSuite configAS" time="0.0" classname="com.vtiger.comcast.business.gerenic.basic_annotations">
    <ignored/>
  </testcase> <!-- @AfterSuite configAS -->
</testsuite> <!-- browser-chrome -->
