<?xml version="1.0" encoding="UTF-8"?>
<!-- Generated by org.testng.reporters.JUnitXMLReporter -->
<testsuite hostname="Pradeep" ignored="2" name="Testrunner-chrome" tests="4" failures="0" timestamp="21 Jan 2022 17:05:09 GMT" time="275.793" errors="0">
  <testcase name="createContactTest" time="62.691" classname="com.vtiger.comcast.contact.test.Create_contact_Test"/>
  <testcase name="createContactWithOrg" time="47.352" classname="com.vtiger.comcast.contact.test.Create_contact_Test"/>
  <testcase name="createOrgTest" time="16.163" classname="com.vtiger.comcast.organizationtest.CreateOrgTest"/>
  <testcase name="createOrgWithIndu" time="8.169" classname="com.vtiger.comcast.organizationtest.CreateOrgTest"/>
  <testcase name="@BeforeSuite configsBS" time="0.0" classname="com.vtiger.comcast.business.gerenic.basic_annotations">
    <ignored/>
  </testcase> <!-- @BeforeSuite configsBS -->
  <testcase name="@AfterSuite configAS" time="0.0" classname="com.vtiger.comcast.business.gerenic.basic_annotations">
    <ignored/>
  </testcase> <!-- @AfterSuite configAS -->
</testsuite> <!-- Testrunner-chrome -->
