<?xml version="1.0" encoding="UTF-8"?>
<!-- Generated by org.testng.reporters.JUnitXMLReporter -->
<testsuite hostname="Pradeep" ignored="0" name="Default test" tests="4" failures="0" timestamp="02 Feb 2022 14:54:08 GMT" time="56.98" errors="0">
  <testcase name="createorg" time="9.794" classname="com.vtiger.comcast.organizationtest.Create_Org_Data_Test"/>
  <testcase name="createorg" time="8.603" classname="com.vtiger.comcast.organizationtest.Create_Org_Data_Test"/>
  <testcase name="createorg" time="8.14" classname="com.vtiger.comcast.organizationtest.Create_Org_Data_Test"/>
  <testcase name="createorg" time="9.034" classname="com.vtiger.comcast.organizationtest.Create_Org_Data_Test"/>
</testsuite> <!-- Default test -->
