<?xml version="1.0" encoding="UTF-8"?>
<!-- Generated by org.testng.reporters.JUnitXMLReporter -->
<testsuite hostname="Pradeep" ignored="0" name="Default test" tests="2" failures="0" timestamp="22 Jan 2022 07:31:46 GMT" time="72.949" errors="0">
  <testcase name="createContactTest" time="28.612" classname="com.vtiger.comcast.contact.test.Create_contact_Test"/>
  <testcase name="createContactWithOrg" time="22.464" classname="com.vtiger.comcast.contact.test.Create_contact_Test"/>
</testsuite> <!-- Default test -->
