<?xml version="1.0" encoding="UTF-8"?>
<!-- Generated by org.testng.reporters.JUnitXMLReporter -->
<testsuite hostname="Pradeep" ignored="4" name="Test" tests="2" failures="0" timestamp="01 Feb 2022 15:17:39 GMT" time="36.717" errors="0">
  <testcase name="@BeforeMethod configBM" time="0.0" classname="com.vtiger.comcast.gereriUtility.basic_annotations">
    <failure type="java.lang.NullPointerException">
      <![CDATA[java.lang.NullPointerException
at com.vtiger.comcast.gereriUtility.WebDriverUtility.waitUntilPageLoad(WebDriverUtility.java:33)
at com.vtiger.comcast.gereriUtility.basic_annotations.configBM(basic_annotations.java:64)
... Removed 28 stack frames]]>
    </failure>
  </testcase> <!-- @BeforeMethod configBM -->
  <testcase name="@AfterMethod configAM" time="0.0" classname="com.vtiger.comcast.gereriUtility.basic_annotations">
    <skipped/>
  </testcase> <!-- @AfterMethod configAM -->
  <testcase name="@AfterClass configAC" time="0.0" classname="com.vtiger.comcast.gereriUtility.basic_annotations">
    <skipped/>
  </testcase> <!-- @AfterClass configAC -->
  <testcase name="@BeforeMethod configBM" time="0.0" classname="com.vtiger.comcast.gereriUtility.basic_annotations">
    <failure type="java.lang.NullPointerException">
      <![CDATA[java.lang.NullPointerException
at com.vtiger.comcast.gereriUtility.WebDriverUtility.waitUntilPageLoad(WebDriverUtility.java:33)
at com.vtiger.comcast.gereriUtility.basic_annotations.configBM(basic_annotations.java:64)
... Removed 28 stack frames]]>
    </failure>
  </testcase> <!-- @BeforeMethod configBM -->
  <testcase name="@AfterMethod configAM" time="0.0" classname="com.vtiger.comcast.gereriUtility.basic_annotations">
    <skipped/>
  </testcase> <!-- @AfterMethod configAM -->
  <testcase name="@AfterClass configAC" time="0.0" classname="com.vtiger.comcast.gereriUtility.basic_annotations">
    <skipped/>
  </testcase> <!-- @AfterClass configAC -->
  <testcase name="createContactTest" time="0.0" classname="com.vtiger.comcast.contact.test.Create_contact_Test">
    <skipped/>
  </testcase> <!-- createContactTest -->
  <testcase name="createOrgTest" time="0.0" classname="com.vtiger.comcast.organizationtest.CreateOrgTest">
    <skipped/>
  </testcase> <!-- createOrgTest -->
  <testcase name="createContactWithOrg" time="0.0" classname="com.vtiger.comcast.contact.test.Create_contact_Test">
    <ignored/>
  </testcase> <!-- createContactWithOrg -->
  <testcase name="@AfterSuite configAS" time="0.0" classname="com.vtiger.comcast.gereriUtility.basic_annotations">
    <ignored/>
  </testcase> <!-- @AfterSuite configAS -->
  <testcase name="createOrgWithIndu" time="0.0" classname="com.vtiger.comcast.organizationtest.CreateOrgTest">
    <ignored/>
  </testcase> <!-- createOrgWithIndu -->
  <testcase name="@BeforeSuite configsBS" time="0.0" classname="com.vtiger.comcast.gereriUtility.basic_annotations">
    <ignored/>
  </testcase> <!-- @BeforeSuite configsBS -->
</testsuite> <!-- Test -->
