<?xml version="1.0" encoding="UTF-8"?>
<!-- Generated by org.testng.reporters.JUnitXMLReporter -->
<testsuite hostname="Pradeep" ignored="4" name="Testrunner regressionTest" tests="2" failures="2" timestamp="21 Jan 2022 17:12:56 GMT" time="0.918" errors="0">
  <testcase name="createContactWithOrg" time="0.834" classname="com.vtiger.comcast.contact.test.Create_contact_Test">
    <failure type="java.lang.NullPointerException">
      <![CDATA[java.lang.NullPointerException
at org.openqa.selenium.support.pagefactory.DefaultElementLocator.findElement(DefaultElementLocator.java:69)
at org.openqa.selenium.support.pagefactory.internal.LocatingElementHandler.invoke(LocatingElementHandler.java:38)
at com.sun.proxy.$Proxy14.click(Unknown Source)
at com.vtiger.comcast.contact.test.Create_contact_Test.createContactWithOrg(Create_contact_Test.java:67)
... Removed 25 stack frames]]>
    </failure>
  </testcase> <!-- createContactWithOrg -->
  <testcase name="createOrgWithIndu" time="0.051" classname="com.vtiger.comcast.organizationtest.CreateOrgTest">
    <failure type="java.lang.NullPointerException">
      <![CDATA[java.lang.NullPointerException
at org.openqa.selenium.support.pagefactory.DefaultElementLocator.findElement(DefaultElementLocator.java:69)
at org.openqa.selenium.support.pagefactory.internal.LocatingElementHandler.invoke(LocatingElementHandler.java:38)
at com.sun.proxy.$Proxy14.click(Unknown Source)
at com.vtiger.comcast.organizationtest.CreateOrgTest.createOrgWithIndu(CreateOrgTest.java:72)
... Removed 25 stack frames]]>
    </failure>
  </testcase> <!-- createOrgWithIndu -->
  <testcase name="createOrgTest" time="0.0" classname="com.vtiger.comcast.organizationtest.CreateOrgTest">
    <ignored/>
  </testcase> <!-- createOrgTest -->
  <testcase name="@BeforeSuite configsBS" time="0.0" classname="com.vtiger.comcast.business.gerenic.basic_annotations">
    <ignored/>
  </testcase> <!-- @BeforeSuite configsBS -->
  <testcase name="@AfterSuite configAS" time="0.0" classname="com.vtiger.comcast.business.gerenic.basic_annotations">
    <ignored/>
  </testcase> <!-- @AfterSuite configAS -->
  <testcase name="createContactTest" time="0.0" classname="com.vtiger.comcast.contact.test.Create_contact_Test">
    <ignored/>
  </testcase> <!-- createContactTest -->
</testsuite> <!-- Testrunner regressionTest -->
