<?xml version="1.0" encoding="UTF-8"?>
<!-- Generated by org.testng.reporters.JUnitXMLReporter -->
<testsuite hostname="Pradeep" ignored="6" tests="0" failures="0" timestamp="21 Jan 2022 17:53:36 GMT" time="0.015" errors="0">
  <testcase name="createContactWithOrg" time="0.0" classname="com.vtiger.comcast.contact.test.Create_contact_Test">
    <ignored/>
  </testcase> <!-- createContactWithOrg -->
  <testcase name="createOrgTest" time="0.0" classname="com.vtiger.comcast.organizationtest.CreateOrgTest">
    <ignored/>
  </testcase> <!-- createOrgTest -->
  <testcase name="@BeforeSuite configsBS" time="0.0" classname="com.vtiger.comcast.business.gerenic.basic_annotations">
    <ignored/>
  </testcase> <!-- @BeforeSuite configsBS -->
  <testcase name="createOrgWithIndu" time="0.0" classname="com.vtiger.comcast.organizationtest.CreateOrgTest">
    <ignored/>
  </testcase> <!-- createOrgWithIndu -->
  <testcase name="@AfterSuite configAS" time="0.0" classname="com.vtiger.comcast.business.gerenic.basic_annotations">
    <ignored/>
  </testcase> <!-- @AfterSuite configAS -->
  <testcase name="createContactTest" time="0.0" classname="com.vtiger.comcast.contact.test.Create_contact_Test">
    <ignored/>
  </testcase> <!-- createContactTest -->
</testsuite>
