<?xml version="1.0" encoding="UTF-8"?>
<!-- Generated by org.testng.reporters.JUnitXMLReporter -->
<testsuite hostname="Pradeep" ignored="2" name="Command line test" tests="8" failures="0" timestamp="2022-02-03T00:37:59 IST" time="130.467" errors="0">
  <testcase name="createContactTest" time="12.491" classname="com.vtiger.comcast.contact.test.Create_contact_Test"/>
  <testcase name="createContactWithOrgTest" time="19.915" classname="com.vtiger.comcast.contact.test.Create_contact_Test"/>
  <testcase name="createOrgTest" time="9.093" classname="com.vtiger.comcast.organizationtest.CreateOrgTest"/>
  <testcase name="createOrgWithInduTest" time="9.191" classname="com.vtiger.comcast.organizationtest.CreateOrgTest"/>
  <testcase name="createorgTest" time="9.837" classname="com.vtiger.comcast.organizationtest.CreateOrgTest"/>
  <testcase name="createorgTest" time="8.866" classname="com.vtiger.comcast.organizationtest.CreateOrgTest"/>
  <testcase name="createorgTest" time="10.176" classname="com.vtiger.comcast.organizationtest.CreateOrgTest"/>
  <testcase name="createorgTest" time="8.346" classname="com.vtiger.comcast.organizationtest.CreateOrgTest"/>
  <testcase name="@BeforeSuite configsBS" time="0.0" classname="com.vtiger.comcast.gereriUtility.basic_annotations">
    <ignored/>
  </testcase> <!-- @BeforeSuite configsBS -->
  <testcase name="@AfterSuite configAS" time="0.0" classname="com.vtiger.comcast.gereriUtility.basic_annotations">
    <ignored/>
  </testcase> <!-- @AfterSuite configAS -->
</testsuite> <!-- Command line test -->
