<?xml version="1.0" encoding="UTF-8"?>
<!-- Generated by org.testng.reporters.JUnitXMLReporter -->
<testsuite hostname="Pradeep" ignored="4" name="Test" tests="2" failures="0" timestamp="2022-02-01T10:35:09 IST" time="232.418" errors="0">
  <testcase name="createContactTest" time="67.386" classname="com.vtiger.comcast.contact.test.Create_contact_Test"/>
  <testcase name="createOrgTest" time="17.455" classname="com.vtiger.comcast.organizationtest.CreateOrgTest"/>
  <testcase name="createOrgWithIndu" time="0.0" classname="com.vtiger.comcast.organizationtest.CreateOrgTest">
    <ignored/>
  </testcase> <!-- createOrgWithIndu -->
  <testcase name="createContactWithOrg" time="0.0" classname="com.vtiger.comcast.contact.test.Create_contact_Test">
    <ignored/>
  </testcase> <!-- createContactWithOrg -->
  <testcase name="@BeforeSuite configsBS" time="0.0" classname="com.vtiger.comcast.gereriUtility.basic_annotations">
    <ignored/>
  </testcase> <!-- @BeforeSuite configsBS -->
  <testcase name="@AfterSuite configAS" time="0.0" classname="com.vtiger.comcast.gereriUtility.basic_annotations">
    <ignored/>
  </testcase> <!-- @AfterSuite configAS -->
</testsuite> <!-- Test -->
