<?xml version="1.0" encoding="UTF-8"?>
<!-- Generated by org.testng.reporters.JUnitXMLReporter -->
<testsuite hostname="Pradeep" ignored="1" name="Test(failed)" tests="1" failures="0" timestamp="21 Jan 2022 10:16:51 GMT" time="20.44" errors="0">
  <testcase name="createOrgWithIndu" time="9.48" classname="com.vtiger.comcast.organizationtest.CreateOrgTest"/>
  <testcase name="createOrgTest" time="0.0" classname="com.vtiger.comcast.organizationtest.CreateOrgTest">
    <ignored/>
  </testcase> <!-- createOrgTest -->
</testsuite> <!-- Test(failed) -->
