<?xml version="1.0" encoding="UTF-8"?>
<testng-results skipped="0" failed="0" ignored="4" total="6" passed="2">
  <reporter-output>
  </reporter-output>
  <suite name="Suite" duration-ms="232418" started-at="2022-02-01T10:31:16 IST" finished-at="2022-02-01T10:35:09 IST">
    <groups>
      <group name="smokeTest">
        <method signature="CreateOrgTest.createOrgTest()[pri:0, instance:com.vtiger.comcast.organizationtest.CreateOrgTest@1500955a]" name="createOrgTest" class="com.vtiger.comcast.organizationtest.CreateOrgTest"/>
        <method signature="Create_contact_Test.createContactTest()[pri:0, instance:com.vtiger.comcast.contact.test.Create_contact_Test@38bc8ab5]" name="createContactTest" class="com.vtiger.comcast.contact.test.Create_contact_Test"/>
      </group> <!-- smokeTest -->
    </groups>
    <test name="Test" duration-ms="232418" started-at="2022-02-01T10:31:16 IST" finished-at="2022-02-01T10:35:09 IST">
      <class name="com.vtiger.comcast.contact.test.Create_contact_Test">
        <test-method status="PASS" signature="configsBS()[pri:0, instance:com.vtiger.comcast.contact.test.Create_contact_Test@38bc8ab5]" name="configsBS" is-config="true" duration-ms="9" started-at="2022-02-01T10:31:16 IST" finished-at="2022-02-01T10:31:16 IST">
          <reporter-output>
          </reporter-output>
        </test-method> <!-- configsBS -->
        <test-method status="PASS" signature="configBC()[pri:0, instance:com.vtiger.comcast.contact.test.Create_contact_Test@38bc8ab5]" name="configBC" is-config="true" duration-ms="23165" started-at="2022-02-01T10:31:16 IST" finished-at="2022-02-01T10:31:40 IST">
          <reporter-output>
          </reporter-output>
        </test-method> <!-- configBC -->
        <test-method status="PASS" signature="configBM()[pri:0, instance:com.vtiger.comcast.contact.test.Create_contact_Test@38bc8ab5]" name="configBM" is-config="true" duration-ms="97136" started-at="2022-02-01T10:31:40 IST" finished-at="2022-02-01T10:33:17 IST">
          <reporter-output>
          </reporter-output>
        </test-method> <!-- configBM -->
        <test-method status="PASS" signature="createContactTest()[pri:0, instance:com.vtiger.comcast.contact.test.Create_contact_Test@38bc8ab5]" name="createContactTest" duration-ms="67386" started-at="2022-02-01T10:33:17 IST" finished-at="2022-02-01T10:34:24 IST">
          <reporter-output>
          </reporter-output>
        </test-method> <!-- createContactTest -->
        <test-method status="PASS" signature="configAM()[pri:0, instance:com.vtiger.comcast.contact.test.Create_contact_Test@38bc8ab5]" name="configAM" is-config="true" duration-ms="7827" started-at="2022-02-01T10:34:24 IST" finished-at="2022-02-01T10:34:32 IST">
          <reporter-output>
          </reporter-output>
        </test-method> <!-- configAM -->
        <test-method status="PASS" signature="configAC()[pri:0, instance:com.vtiger.comcast.contact.test.Create_contact_Test@38bc8ab5]" name="configAC" is-config="true" duration-ms="630" started-at="2022-02-01T10:34:32 IST" finished-at="2022-02-01T10:34:33 IST">
          <reporter-output>
          </reporter-output>
        </test-method> <!-- configAC -->
        <test-method status="PASS" signature="configAS()[pri:0, instance:com.vtiger.comcast.contact.test.Create_contact_Test@38bc8ab5]" name="configAS" is-config="true" duration-ms="1" started-at="2022-02-01T10:35:10 IST" finished-at="2022-02-01T10:35:10 IST">
          <reporter-output>
          </reporter-output>
        </test-method> <!-- configAS -->
      </class> <!-- com.vtiger.comcast.contact.test.Create_contact_Test -->
      <class name="com.vtiger.comcast.organizationtest.CreateOrgTest">
        <test-method status="PASS" signature="configBC()[pri:0, instance:com.vtiger.comcast.organizationtest.CreateOrgTest@1500955a]" name="configBC" is-config="true" duration-ms="1550" started-at="2022-02-01T10:34:33 IST" finished-at="2022-02-01T10:34:34 IST">
          <reporter-output>
          </reporter-output>
        </test-method> <!-- configBC -->
        <test-method status="PASS" signature="configBM()[pri:0, instance:com.vtiger.comcast.organizationtest.CreateOrgTest@1500955a]" name="configBM" is-config="true" duration-ms="7847" started-at="2022-02-01T10:34:34 IST" finished-at="2022-02-01T10:34:42 IST">
          <reporter-output>
          </reporter-output>
        </test-method> <!-- configBM -->
        <test-method status="PASS" signature="createOrgTest()[pri:0, instance:com.vtiger.comcast.organizationtest.CreateOrgTest@1500955a]" name="createOrgTest" duration-ms="17455" started-at="2022-02-01T10:34:42 IST" finished-at="2022-02-01T10:35:00 IST">
          <reporter-output>
          </reporter-output>
        </test-method> <!-- createOrgTest -->
        <test-method status="PASS" signature="configAM()[pri:0, instance:com.vtiger.comcast.organizationtest.CreateOrgTest@1500955a]" name="configAM" is-config="true" duration-ms="8042" started-at="2022-02-01T10:35:00 IST" finished-at="2022-02-01T10:35:08 IST">
          <reporter-output>
          </reporter-output>
        </test-method> <!-- configAM -->
        <test-method status="PASS" signature="configAC()[pri:0, instance:com.vtiger.comcast.organizationtest.CreateOrgTest@1500955a]" name="configAC" is-config="true" duration-ms="1323" started-at="2022-02-01T10:35:08 IST" finished-at="2022-02-01T10:35:09 IST">
          <reporter-output>
          </reporter-output>
        </test-method> <!-- configAC -->
      </class> <!-- com.vtiger.comcast.organizationtest.CreateOrgTest -->
    </test> <!-- Test -->
  </suite> <!-- Suite -->
</testng-results>
