<?xml version="1.0" encoding="UTF-8"?>
<testng-results skipped="0" failed="0" ignored="0" total="6" passed="6">
  <reporter-output>
  </reporter-output>
  <suite name="Default suite" duration-ms="81031" started-at="2022-02-02T19:03:24Z" finished-at="2022-02-02T19:04:45Z">
    <groups>
      <group name="regressionTest">
        <method signature="CreateOrgTest.createOrgWithInduTest()[pri:0, instance:com.vtiger.comcast.organizationtest.CreateOrgTest@5f9d02cb]" name="createOrgWithInduTest" class="com.vtiger.comcast.organizationtest.CreateOrgTest"/>
      </group> <!-- regressionTest -->
      <group name="smokeTest">
        <method signature="CreateOrgTest.createOrgTest()[pri:0, instance:com.vtiger.comcast.organizationtest.CreateOrgTest@5f9d02cb]" name="createOrgTest" class="com.vtiger.comcast.organizationtest.CreateOrgTest"/>
      </group> <!-- smokeTest -->
    </groups>
    <test name="Default test" duration-ms="81031" started-at="2022-02-02T19:03:24Z" finished-at="2022-02-02T19:04:45Z">
      <class name="com.vtiger.comcast.organizationtest.CreateOrgTest">
        <test-method status="PASS" signature="configsBS()[pri:0, instance:com.vtiger.comcast.organizationtest.CreateOrgTest@5f9d02cb]" name="configsBS" is-config="true" duration-ms="16" started-at="2022-02-02T19:03:24Z" finished-at="2022-02-02T19:03:24Z">
          <reporter-output>
          </reporter-output>
        </test-method> <!-- configsBS -->
        <test-method status="PASS" signature="configBC()[pri:0, instance:com.vtiger.comcast.organizationtest.CreateOrgTest@5f9d02cb]" name="configBC" is-config="true" duration-ms="2387" started-at="2022-02-02T19:03:24Z" finished-at="2022-02-02T19:03:26Z">
          <reporter-output>
          </reporter-output>
        </test-method> <!-- configBC -->
        <test-method status="PASS" signature="configBM()[pri:0, instance:com.vtiger.comcast.organizationtest.CreateOrgTest@5f9d02cb]" name="configBM" is-config="true" duration-ms="6401" started-at="2022-02-02T19:03:26Z" finished-at="2022-02-02T19:03:32Z">
          <reporter-output>
          </reporter-output>
        </test-method> <!-- configBM -->
        <test-method status="PASS" signature="createOrgTest()[pri:0, instance:com.vtiger.comcast.organizationtest.CreateOrgTest@5f9d02cb]" name="createOrgTest" duration-ms="8803" started-at="2022-02-02T19:03:32Z" finished-at="2022-02-02T19:03:41Z">
          <reporter-output>
          </reporter-output>
        </test-method> <!-- createOrgTest -->
        <test-method status="PASS" signature="configAM()[pri:0, instance:com.vtiger.comcast.organizationtest.CreateOrgTest@5f9d02cb]" name="configAM" is-config="true" duration-ms="1285" started-at="2022-02-02T19:03:41Z" finished-at="2022-02-02T19:03:43Z">
          <reporter-output>
          </reporter-output>
        </test-method> <!-- configAM -->
        <test-method status="PASS" signature="configBM()[pri:0, instance:com.vtiger.comcast.organizationtest.CreateOrgTest@5f9d02cb]" name="configBM" is-config="true" duration-ms="2252" started-at="2022-02-02T19:03:43Z" finished-at="2022-02-02T19:03:45Z">
          <reporter-output>
          </reporter-output>
        </test-method> <!-- configBM -->
        <test-method status="PASS" signature="createOrgWithInduTest()[pri:0, instance:com.vtiger.comcast.organizationtest.CreateOrgTest@5f9d02cb]" name="createOrgWithInduTest" duration-ms="8960" started-at="2022-02-02T19:03:45Z" finished-at="2022-02-02T19:03:54Z">
          <reporter-output>
          </reporter-output>
        </test-method> <!-- createOrgWithInduTest -->
        <test-method status="PASS" signature="configAM()[pri:0, instance:com.vtiger.comcast.organizationtest.CreateOrgTest@5f9d02cb]" name="configAM" is-config="true" duration-ms="1285" started-at="2022-02-02T19:03:54Z" finished-at="2022-02-02T19:03:55Z">
          <reporter-output>
          </reporter-output>
        </test-method> <!-- configAM -->
        <test-method status="PASS" signature="configBM()[pri:0, instance:com.vtiger.comcast.organizationtest.CreateOrgTest@5f9d02cb]" name="configBM" is-config="true" duration-ms="2244" started-at="2022-02-02T19:03:55Z" finished-at="2022-02-02T19:03:58Z">
          <reporter-output>
          </reporter-output>
        </test-method> <!-- configBM -->
        <test-method status="PASS" signature="createorgTest(java.lang.String, java.lang.String)[pri:0, instance:com.vtiger.comcast.organizationtest.CreateOrgTest@5f9d02cb]" name="createorgTest" duration-ms="8412" started-at="2022-02-02T19:03:58Z" data-provider="createwithdata" finished-at="2022-02-02T19:04:06Z">
          <params>
            <param index="0">
              <value>
                <![CDATA[ranemad178]]>
              </value>
            </param>
            <param index="1">
              <value>
                <![CDATA[Banking]]>
              </value>
            </param>
          </params>
          <reporter-output>
          </reporter-output>
        </test-method> <!-- createorgTest -->
        <test-method status="PASS" signature="configAM()[pri:0, instance:com.vtiger.comcast.organizationtest.CreateOrgTest@5f9d02cb]" name="configAM" is-config="true" duration-ms="1082" started-at="2022-02-02T19:04:06Z" finished-at="2022-02-02T19:04:07Z">
          <reporter-output>
          </reporter-output>
        </test-method> <!-- configAM -->
        <test-method status="PASS" signature="configBM()[pri:0, instance:com.vtiger.comcast.organizationtest.CreateOrgTest@5f9d02cb]" name="configBM" is-config="true" duration-ms="2148" started-at="2022-02-02T19:04:07Z" finished-at="2022-02-02T19:04:09Z">
          <reporter-output>
          </reporter-output>
        </test-method> <!-- configBM -->
        <test-method status="PASS" signature="createorgTest(java.lang.String, java.lang.String)[pri:0, instance:com.vtiger.comcast.organizationtest.CreateOrgTest@5f9d02cb]" name="createorgTest" duration-ms="8669" started-at="2022-02-02T19:04:09Z" data-provider="createwithdata" finished-at="2022-02-02T19:04:18Z">
          <params>
            <param index="0">
              <value>
                <![CDATA[kalki404]]>
              </value>
            </param>
            <param index="1">
              <value>
                <![CDATA[Communications]]>
              </value>
            </param>
          </params>
          <reporter-output>
          </reporter-output>
        </test-method> <!-- createorgTest -->
        <test-method status="PASS" signature="configAM()[pri:0, instance:com.vtiger.comcast.organizationtest.CreateOrgTest@5f9d02cb]" name="configAM" is-config="true" duration-ms="1232" started-at="2022-02-02T19:04:18Z" finished-at="2022-02-02T19:04:19Z">
          <reporter-output>
          </reporter-output>
        </test-method> <!-- configAM -->
        <test-method status="PASS" signature="configBM()[pri:0, instance:com.vtiger.comcast.organizationtest.CreateOrgTest@5f9d02cb]" name="configBM" is-config="true" duration-ms="2588" started-at="2022-02-02T19:04:19Z" finished-at="2022-02-02T19:04:22Z">
          <reporter-output>
          </reporter-output>
        </test-method> <!-- configBM -->
        <test-method status="PASS" signature="createorgTest(java.lang.String, java.lang.String)[pri:0, instance:com.vtiger.comcast.organizationtest.CreateOrgTest@5f9d02cb]" name="createorgTest" duration-ms="8364" started-at="2022-02-02T19:04:22Z" data-provider="createwithdata" finished-at="2022-02-02T19:04:30Z">
          <params>
            <param index="0">
              <value>
                <![CDATA[mvt106]]>
              </value>
            </param>
            <param index="1">
              <value>
                <![CDATA[Education]]>
              </value>
            </param>
          </params>
          <reporter-output>
          </reporter-output>
        </test-method> <!-- createorgTest -->
        <test-method status="PASS" signature="configAM()[pri:0, instance:com.vtiger.comcast.organizationtest.CreateOrgTest@5f9d02cb]" name="configAM" is-config="true" duration-ms="1449" started-at="2022-02-02T19:04:30Z" finished-at="2022-02-02T19:04:32Z">
          <reporter-output>
          </reporter-output>
        </test-method> <!-- configAM -->
        <test-method status="PASS" signature="configBM()[pri:0, instance:com.vtiger.comcast.organizationtest.CreateOrgTest@5f9d02cb]" name="configBM" is-config="true" duration-ms="2317" started-at="2022-02-02T19:04:32Z" finished-at="2022-02-02T19:04:34Z">
          <reporter-output>
          </reporter-output>
        </test-method> <!-- configBM -->
        <test-method status="PASS" signature="createorgTest(java.lang.String, java.lang.String)[pri:0, instance:com.vtiger.comcast.organizationtest.CreateOrgTest@5f9d02cb]" name="createorgTest" duration-ms="8827" started-at="2022-02-02T19:04:34Z" data-provider="createwithdata" finished-at="2022-02-02T19:04:43Z">
          <params>
            <param index="0">
              <value>
                <![CDATA[madars889]]>
              </value>
            </param>
            <param index="1">
              <value>
                <![CDATA[Energy]]>
              </value>
            </param>
          </params>
          <reporter-output>
          </reporter-output>
        </test-method> <!-- createorgTest -->
        <test-method status="PASS" signature="configAM()[pri:0, instance:com.vtiger.comcast.organizationtest.CreateOrgTest@5f9d02cb]" name="configAM" is-config="true" duration-ms="1202" started-at="2022-02-02T19:04:43Z" finished-at="2022-02-02T19:04:44Z">
          <reporter-output>
          </reporter-output>
        </test-method> <!-- configAM -->
        <test-method status="PASS" signature="configAC()[pri:0, instance:com.vtiger.comcast.organizationtest.CreateOrgTest@5f9d02cb]" name="configAC" is-config="true" duration-ms="738" started-at="2022-02-02T19:04:44Z" finished-at="2022-02-02T19:04:45Z">
          <reporter-output>
          </reporter-output>
        </test-method> <!-- configAC -->
        <test-method status="PASS" signature="configAS()[pri:0, instance:com.vtiger.comcast.organizationtest.CreateOrgTest@5f9d02cb]" name="configAS" is-config="true" duration-ms="0" started-at="2022-02-02T19:04:45Z" finished-at="2022-02-02T19:04:45Z">
          <reporter-output>
          </reporter-output>
        </test-method> <!-- configAS -->
      </class> <!-- com.vtiger.comcast.organizationtest.CreateOrgTest -->
    </test> <!-- Default test -->
  </suite> <!-- Default suite -->
</testng-results>
